#
# A fatal error has been detected by the Java Runtime Environment:
#
#  Internal Error (javaCalls.cpp:51), pid=14245, tid=0x00007fa96938b700
#  guarantee(thread->is_Java_thread()) failed: crucial check - the VM thread cannot and must not escape to Java code
#
# JRE version: OpenJDK Runtime Environment (8.0_191-b12) (build 1.8.0_191-8u191-b12-2ubuntu0.16.04.1-b12)
# Java VM: OpenJDK 64-Bit Server VM (25.191-b12 mixed mode linux-amd64 compressed oops)
# Failed to write core dump. Core dumps have been disabled. To enable core dumping, try "ulimit -c unlimited" before starting Java again
#
# If you would like to submit a bug report, please visit:
#   http://bugreport.java.com/bugreport/crash.jsp
#

---------------  T H R E A D  ---------------

Current thread (0x00007fa988086800):  VMThread [stack: 0x00007fa96928b000,0x00007fa96938c000] [id=14261]

Stack: [0x00007fa96928b000,0x00007fa96938c000],  sp=0x00007fa969389800,  free space=1018k
Native frames: (J=compiled Java code, j=interpreted, Vv=VM code, C=native code)
V  [libjvm.so+0xa7414b]
V  [libjvm.so+0x4c8d6d]
V  [libjvm.so+0x663dff]
V  [libjvm.so+0x6665e6]
V  [libjvm.so+0x664ed4]
V  [libjvm.so+0x556f01]
V  [libjvm.so+0x558dda]
V  [libjvm.so+0x5c2e63]
V  [libjvm.so+0x5c41df]
V  [libjvm.so+0x5c9c78]
V  [libjvm.so+0x5ca0b5]
V  [libjvm.so+0x8afacf]
V  [libjvm.so+0x8b16de]
V  [libjvm.so+0x8b259a]
V  [libjvm.so+0x8b2ed4]
V  [libjvm.so+0x625f43]
V  [libjvm.so+0x846a8b]
V  [libjvm.so+0x7388ec]
V  [libjvm.so+0xa7af97]
V  [libjvm.so+0xa78697]
V  [libjvm.so+0xa79b1f]
V  [libjvm.so+0xa7a011]
V  [libjvm.so+0x8be002]

VM_Operation (0x00007fa968d819a0): GetOrSetLocal, mode: safepoint, requested by thread 0x00007fa9880d1000


---------------  P R O C E S S  ---------------

Java Threads: ( => current thread )
  0x00007fa910007000 JavaThread "RMI TCP Connection(idle)" daemon [_thread_blocked, id=14323, stack(0x00007fa8f5aeb000,0x00007fa8f5bec000)]
  0x00007fa988010800 JavaThread "DestroyJavaVM" [_thread_blocked, id=14252, stack(0x00007fa9907aa000,0x00007fa9908ab000)]
  0x00007fa988c93800 JavaThread "http-nio-8080-Acceptor-0" daemon [_thread_in_native, id=14316, stack(0x00007fa8f61f2000,0x00007fa8f62f3000)]
  0x00007fa988c8f800 JavaThread "http-nio-8080-ClientPoller-1" daemon [_thread_in_native, id=14315, stack(0x00007fa8f62f3000,0x00007fa8f63f4000)]
  0x00007fa988c74800 JavaThread "http-nio-8080-ClientPoller-0" daemon [_thread_in_native, id=14314, stack(0x00007fa8f63f4000,0x00007fa8f64f5000)]
  0x00007fa988c59800 JavaThread "http-nio-8080-exec-10" daemon [_thread_blocked, id=14313, stack(0x00007fa8f64f5000,0x00007fa8f65f6000)]
  0x00007fa988c58000 JavaThread "http-nio-8080-exec-9" daemon [_thread_blocked, id=14312, stack(0x00007fa8f65f6000,0x00007fa8f66f7000)]
  0x00007fa988c56000 JavaThread "http-nio-8080-exec-8" daemon [_thread_blocked, id=14311, stack(0x00007fa8f66f7000,0x00007fa8f67f8000)]
  0x00007fa988c54000 JavaThread "http-nio-8080-exec-7" daemon [_thread_blocked, id=14310, stack(0x00007fa8f67f8000,0x00007fa8f68f9000)]
  0x00007fa988c52000 JavaThread "http-nio-8080-exec-6" daemon [_thread_blocked, id=14309, stack(0x00007fa8f68f9000,0x00007fa8f69fa000)]
  0x00007fa988c50000 JavaThread "http-nio-8080-exec-5" daemon [_thread_blocked, id=14308, stack(0x00007fa8f69fa000,0x00007fa8f6afb000)]
  0x00007fa988c4e000 JavaThread "http-nio-8080-exec-4" daemon [_thread_blocked, id=14307, stack(0x00007fa8f6afb000,0x00007fa8f6bfc000)]
  0x00007fa988c4c000 JavaThread "http-nio-8080-exec-3" daemon [_thread_blocked, id=14306, stack(0x00007fa8f6bfc000,0x00007fa8f6cfd000)]
  0x00007fa988c4a800 JavaThread "http-nio-8080-exec-2" daemon [_thread_blocked, id=14305, stack(0x00007fa8f6cfd000,0x00007fa8f6dfe000)]
  0x00007fa988c49800 JavaThread "http-nio-8080-exec-1" daemon [_thread_blocked, id=14304, stack(0x00007fa8f6dfe000,0x00007fa8f6eff000)]
  0x00007fa988c44800 JavaThread "NioBlockingSelector.BlockPoller-1" daemon [_thread_in_native, id=14303, stack(0x00007fa8f6eff000,0x00007fa8f7000000)]
  0x00007fa988b28000 JavaThread "container-0" [_thread_blocked, id=14291, stack(0x00007fa9440ad000,0x00007fa9441ae000)]
  0x00007fa988b25800 JavaThread "Catalina-utility-1" [_thread_blocked, id=14290, stack(0x00007fa960643000,0x00007fa960744000)]
  0x00007fa8fc00d800 JavaThread "JMX server connection timeout 21" daemon [_thread_blocked, id=14287, stack(0x00007fa9441ae000,0x00007fa9442af000)]
  0x00007fa904006000 JavaThread "RMI Scheduler(0)" daemon [_thread_blocked, id=14285, stack(0x00007fa960041000,0x00007fa960142000)]
  0x00007fa988539000 JavaThread "RMI TCP Accept-0" daemon [_thread_in_native, id=14280, stack(0x00007fa960a45000,0x00007fa960b46000)]
  0x00007fa98851e800 JavaThread "RMI TCP Accept-33034" daemon [_thread_in_native, id=14279, stack(0x00007fa960b46000,0x00007fa960c47000)]
  0x00007fa988504000 JavaThread "RMI TCP Accept-0" daemon [_thread_in_native, id=14278, stack(0x00007fa960c47000,0x00007fa960d48000)]
  0x00007fa9880e9000 JavaThread "Service Thread" daemon [_thread_blocked, id=14277, stack(0x00007fa96857b000,0x00007fa96867c000)]
  0x00007fa9880dd800 JavaThread "C1 CompilerThread3" daemon [_thread_blocked, id=14276, stack(0x00007fa96867c000,0x00007fa96877d000)]
  0x00007fa9880db800 JavaThread "C2 CompilerThread2" daemon [_thread_blocked, id=14275, stack(0x00007fa96877d000,0x00007fa96887e000)]
  0x00007fa9880da000 JavaThread "C2 CompilerThread1" daemon [_thread_blocked, id=14274, stack(0x00007fa96887e000,0x00007fa96897f000)]
  0x00007fa9880d7000 JavaThread "C2 CompilerThread0" daemon [_thread_blocked, id=14273, stack(0x00007fa96897f000,0x00007fa968a80000)]
  0x00007fa930001000 JavaThread "JDWP Command Reader" daemon [_thread_in_native, id=14270, stack(0x00007fa968a80000,0x00007fa968b81000)]
  0x00007fa9880d4800 JavaThread "JDWP Event Helper Thread" daemon [_thread_blocked, id=14267, stack(0x00007fa968b81000,0x00007fa968c82000)]
  0x00007fa9880d1000 JavaThread "JDWP Transport Listener: dt_socket" daemon [_thread_blocked, id=14266, stack(0x00007fa968c82000,0x00007fa968d83000)]
  0x00007fa9880c3800 JavaThread "Signal Dispatcher" daemon [_thread_blocked, id=14264, stack(0x00007fa968f88000,0x00007fa969089000)]
  0x00007fa988092800 JavaThread "Finalizer" daemon [_thread_blocked, id=14263, stack(0x00007fa969089000,0x00007fa96918a000)]
  0x00007fa988090000 JavaThread "Reference Handler" daemon [_thread_blocked, id=14262, stack(0x00007fa96918a000,0x00007fa96928b000)]

Other Threads:
=>0x00007fa988086800 VMThread [stack: 0x00007fa96928b000,0x00007fa96938c000] [id=14261]
  0x00007fa98853b800 WatcherThread [stack: 0x00007fa960944000,0x00007fa960a45000] [id=14281]

VM state:at safepoint (normal execution)

VM Mutex/Monitor currently owned by a thread:  ([mutex/lock_event])
[0x00007fa98800ce50] Threads_lock - owner thread: 0x00007fa988086800

Heap:
 PSYoungGen      total 101888K, used 59169K [0x000000076d200000, 0x0000000774200000, 0x00000007c0000000)
  eden space 91648K, 53% used [0x000000076d200000,0x00000007701cf670,0x0000000772b80000)
  from space 10240K, 99% used [0x0000000773580000,0x0000000773f78ec0,0x0000000773f80000)
  to   space 10240K, 0% used [0x0000000772b80000,0x0000000772b80000,0x0000000773580000)
 ParOldGen       total 110080K, used 14764K [0x00000006c7600000, 0x00000006ce180000, 0x000000076d200000)
  object space 110080K, 13% used [0x00000006c7600000,0x00000006c846b378,0x00000006ce180000)
 Metaspace       used 33625K, capacity 35342K, committed 35416K, reserved 1079296K
  class space    used 4347K, capacity 4694K, committed 4736K, reserved 1048576K

Card table byte_map: [0x00007fa97883a000,0x00007fa979000000] byte_map_base: 0x00007fa9751ff000

Marking Bits: (ParMarkBitMap*) 0x00007fa98fa74520
 Begin Bits: [0x00007fa9443b0000, 0x00007fa9481d8000)
 End Bits:   [0x00007fa9481d8000, 0x00007fa94c000000)

Polling page: 0x00007fa9908c8000

CodeCache: size=245760Kb used=6934Kb max_used=6964Kb free=238825Kb
 bounds [0x00007fa979000000, 0x00007fa9796e0000, 0x00007fa988000000]
 total_blobs=3636 nmethods=3195 adapters=363
 compilation: enabled

Compilation events (10 events):
Event: 129.781 Thread 0x00007fa9880dd800 3270       1       org.apache.coyote.AbstractProtocol::access$000 (5 bytes)
Event: 129.781 Thread 0x00007fa9880dd800 nmethod 3270 0x00007fa9792e3090 code [0x00007fa9792e31e0, 0x00007fa9792e32d0]
Event: 130.781 Thread 0x00007fa9880dd800 3271       1       java.util.concurrent.ConcurrentHashMap$BaseIterator::<init> (21 bytes)
Event: 130.782 Thread 0x00007fa9880dd800 nmethod 3271 0x00007fa9794d8410 code [0x00007fa9794d8580, 0x00007fa9794d8738]
Event: 130.782 Thread 0x00007fa9880dd800 3272       1       java.util.concurrent.ConcurrentHashMap$Traverser::<init> (36 bytes)
Event: 130.782 Thread 0x00007fa9880dd800 nmethod 3272 0x00007fa9794d8110 code [0x00007fa9794d8260, 0x00007fa9794d83b0]
Event: 130.929 Thread 0x00007fa9880dd800 3273       1       sun.nio.ch.SelectorImpl::keys (28 bytes)
Event: 130.930 Thread 0x00007fa9880dd800 nmethod 3273 0x00007fa9794d7c50 code [0x00007fa9794d7de0, 0x00007fa9794d7fb8]
Event: 131.414 Thread 0x00007fa9880dd800 3274       1       org.apache.catalina.valves.ValveBase::getNext (5 bytes)
Event: 131.414 Thread 0x00007fa9880dd800 nmethod 3274 0x00007fa9794d7990 code [0x00007fa9794d7ae0, 0x00007fa9794d7bf0]

GC Heap History (10 events):
Event: 0.599 GC heap before
{Heap before GC invocations=1 (full 0):
 PSYoungGen      total 74752K, used 64512K [0x000000076d200000, 0x0000000772500000, 0x00000007c0000000)
  eden space 64512K, 100% used [0x000000076d200000,0x0000000771100000,0x0000000771100000)
  from space 10240K, 0% used [0x0000000771b00000,0x0000000771b00000,0x0000000772500000)
  to   space 10240K, 0% used [0x0000000771100000,0x0000000771100000,0x0000000771b00000)
 ParOldGen       total 171008K, used 15K [0x00000006c7600000, 0x00000006d1d00000, 0x000000076d200000)
  object space 171008K, 0% used [0x00000006c7600000,0x00000006c7603c10,0x00000006d1d00000)
 Metaspace       used 15095K, capacity 15506K, committed 15744K, reserved 1062912K
  class space    used 1961K, capacity 2085K, committed 2176K, reserved 1048576K
Event: 0.605 GC heap after
Heap after GC invocations=1 (full 0):
 PSYoungGen      total 74752K, used 8174K [0x000000076d200000, 0x0000000772500000, 0x00000007c0000000)
  eden space 64512K, 0% used [0x000000076d200000,0x000000076d200000,0x0000000771100000)
  from space 10240K, 79% used [0x0000000771100000,0x00000007718fbb88,0x0000000771b00000)
  to   space 10240K, 0% used [0x0000000771b00000,0x0000000771b00000,0x0000000772500000)
 ParOldGen       total 171008K, used 31K [0x00000006c7600000, 0x00000006d1d00000, 0x000000076d200000)
  object space 171008K, 0% used [0x00000006c7600000,0x00000006c7607c10,0x00000006d1d00000)
 Metaspace       used 15095K, capacity 15506K, committed 15744K, reserved 1062912K
  class space    used 1961K, capacity 2085K, committed 2176K, reserved 1048576K
}
Event: 0.779 GC heap before
{Heap before GC invocations=2 (full 0):
 PSYoungGen      total 74752K, used 52001K [0x000000076d200000, 0x0000000772500000, 0x00000007c0000000)
  eden space 64512K, 67% used [0x000000076d200000,0x000000076fccc9c0,0x0000000771100000)
  from space 10240K, 79% used [0x0000000771100000,0x00000007718fbb88,0x0000000771b00000)
  to   space 10240K, 0% used [0x0000000771b00000,0x0000000771b00000,0x0000000772500000)
 ParOldGen       total 171008K, used 31K [0x00000006c7600000, 0x00000006d1d00000, 0x000000076d200000)
  object space 171008K, 0% used [0x00000006c7600000,0x00000006c7607c10,0x00000006d1d00000)
 Metaspace       used 20729K, capacity 21200K, committed 21248K, reserved 1067008K
  class space    used 2655K, capacity 2808K, committed 2816K, reserved 1048576K
Event: 0.786 GC heap after
Heap after GC invocations=2 (full 0):
 PSYoungGen      total 74752K, used 9183K [0x000000076d200000, 0x0000000776400000, 0x00000007c0000000)
  eden space 64512K, 0% used [0x000000076d200000,0x000000076d200000,0x0000000771100000)
  from space 10240K, 89% used [0x0000000771b00000,0x00000007723f7c40,0x0000000772500000)
  to   space 10240K, 0% used [0x0000000771100000,0x0000000771100000,0x0000000771b00000)
 ParOldGen       total 171008K, used 39K [0x00000006c7600000, 0x00000006d1d00000, 0x000000076d200000)
  object space 171008K, 0% used [0x00000006c7600000,0x00000006c7609c10,0x00000006d1d00000)
 Metaspace       used 20729K, capacity 21200K, committed 21248K, reserved 1067008K
  class space    used 2655K, capacity 2808K, committed 2816K, reserved 1048576K
}
Event: 0.786 GC heap before
{Heap before GC invocations=3 (full 1):
 PSYoungGen      total 74752K, used 9183K [0x000000076d200000, 0x0000000776400000, 0x00000007c0000000)
  eden space 64512K, 0% used [0x000000076d200000,0x000000076d200000,0x0000000771100000)
  from space 10240K, 89% used [0x0000000771b00000,0x00000007723f7c40,0x0000000772500000)
  to   space 10240K, 0% used [0x0000000771100000,0x0000000771100000,0x0000000771b00000)
 ParOldGen       total 171008K, used 39K [0x00000006c7600000, 0x00000006d1d00000, 0x000000076d200000)
  object space 171008K, 0% used [0x00000006c7600000,0x00000006c7609c10,0x00000006d1d00000)
 Metaspace       used 20729K, capacity 21200K, committed 21248K, reserved 1067008K
  class space    used 2655K, capacity 2808K, committed 2816K, reserved 1048576K
Event: 0.811 GC heap after
Heap after GC invocations=3 (full 1):
 PSYoungGen      total 74752K, used 0K [0x000000076d200000, 0x0000000776400000, 0x00000007c0000000)
  eden space 64512K, 0% used [0x000000076d200000,0x000000076d200000,0x0000000771100000)
  from space 10240K, 0% used [0x0000000771b00000,0x0000000771b00000,0x0000000772500000)
  to   space 10240K, 0% used [0x0000000771100000,0x0000000771100000,0x0000000771b00000)
 ParOldGen       total 110080K, used 8806K [0x00000006c7600000, 0x00000006ce180000, 0x000000076d200000)
  object space 110080K, 8% used [0x00000006c7600000,0x00000006c7e99a30,0x00000006ce180000)
 Metaspace       used 20728K, capacity 21194K, committed 21248K, reserved 1067008K
  class space    used 2654K, capacity 2807K, committed 2816K, reserved 1048576K
}
Event: 1.184 GC heap before
{Heap before GC invocations=4 (full 1):
 PSYoungGen      total 74752K, used 64512K [0x000000076d200000, 0x0000000776400000, 0x00000007c0000000)
  eden space 64512K, 100% used [0x000000076d200000,0x0000000771100000,0x0000000771100000)
  from space 10240K, 0% used [0x0000000771b00000,0x0000000771b00000,0x0000000772500000)
  to   space 10240K, 0% used [0x0000000771100000,0x0000000771100000,0x0000000771b00000)
 ParOldGen       total 110080K, used 8813K [0x00000006c7600000, 0x00000006ce180000, 0x000000076d200000)
  object space 110080K, 8% used [0x00000006c7600000,0x00000006c7e9b5e0,0x00000006ce180000)
 Metaspace       used 24914K, capacity 25792K, committed 25984K, reserved 1071104K
  class space    used 3221K, capacity 3442K, committed 3456K, reserved 1048576K
Event: 1.191 GC heap after
Heap after GC invocations=4 (full 1):
 PSYoungGen      total 74752K, used 7412K [0x000000076d200000, 0x0000000773f80000, 0x00000007c0000000)
  eden space 64512K, 0% used [0x000000076d200000,0x000000076d200000,0x0000000771100000)
  from space 10240K, 72% used [0x0000000771100000,0x000000077183d280,0x0000000771b00000)
  to   space 10240K, 0% used [0x0000000773580000,0x0000000773580000,0x0000000773f80000)
 ParOldGen       total 110080K, used 8885K [0x00000006c7600000, 0x00000006ce180000, 0x000000076d200000)
  object space 110080K, 8% used [0x00000006c7600000,0x00000006c7ead5f0,0x00000006ce180000)
 Metaspace       used 24914K, capacity 25792K, committed 25984K, reserved 1071104K
  class space    used 3221K, capacity 3442K, committed 3456K, reserved 1048576K
}
Event: 1.625 GC heap before
{Heap before GC invocations=5 (full 1):
 PSYoungGen      total 74752K, used 71924K [0x000000076d200000, 0x0000000773f80000, 0x00000007c0000000)
  eden space 64512K, 100% used [0x000000076d200000,0x0000000771100000,0x0000000771100000)
  from space 10240K, 72% used [0x0000000771100000,0x000000077183d280,0x0000000771b00000)
  to   space 10240K, 0% used [0x0000000773580000,0x0000000773580000,0x0000000773f80000)
 ParOldGen       total 110080K, used 8885K [0x00000006c7600000, 0x00000006ce180000, 0x000000076d200000)
  object space 110080K, 8% used [0x00000006c7600000,0x00000006c7ead5f0,0x00000006ce180000)
 Metaspace       used 30392K, capacity 31778K, committed 31872K, reserved 1077248K
  class space    used 3908K, capacity 4199K, committed 4224K, reserved 1048576K
Event: 1.642 GC heap after
Heap after GC invocations=5 (full 1):
 PSYoungGen      total 101888K, used 10211K [0x000000076d200000, 0x0000000774200000, 0x00000007c0000000)
  eden space 91648K, 0% used [0x000000076d200000,0x000000076d200000,0x0000000772b80000)
  from space 10240K, 99% used [0x0000000773580000,0x0000000773f78ec0,0x0000000773f80000)
  to   space 10240K, 0% used [0x0000000772b80000,0x0000000772b80000,0x0000000773580000)
 ParOldGen       total 110080K, used 14764K [0x00000006c7600000, 0x00000006ce180000, 0x000000076d200000)
  object space 110080K, 13% used [0x00000006c7600000,0x00000006c846b378,0x00000006ce180000)
 Metaspace       used 30392K, capacity 31778K, committed 31872K, reserved 1077248K
  class space    used 3908K, capacity 4199K, committed 4224K, reserved 1048576K
}

Deoptimization events (0 events):
No events

Classes redefined (1 events):
Event: 142.831 Thread 0x00007fa988086800 redefined class name=org.jeavio.apigateway.service.RequestObjectService, count=1

Internal exceptions (10 events):
Event: 1.692 Thread 0x00007fa988010800 Exception <a 'java/lang/ArrayIndexOutOfBoundsException'> (0x000000076db2ca50) thrown at [/build/openjdk-8-6jqSe7/openjdk-8-8u191-b12/src/hotspot/src/share/vm/runtime/sharedRuntime.cpp, line 605]
Event: 1.692 Thread 0x00007fa988010800 Exception <a 'java/lang/ArrayIndexOutOfBoundsException'> (0x000000076db2e3b0) thrown at [/build/openjdk-8-6jqSe7/openjdk-8-8u191-b12/src/hotspot/src/share/vm/runtime/sharedRuntime.cpp, line 605]
Event: 1.699 Thread 0x00007fa988010800 Exception <a 'java/lang/ArrayIndexOutOfBoundsException'> (0x000000076dc1ece8) thrown at [/build/openjdk-8-6jqSe7/openjdk-8-8u191-b12/src/hotspot/src/share/vm/runtime/sharedRuntime.cpp, line 605]
Event: 1.701 Thread 0x00007fa988010800 Exception <a 'java/lang/ArrayIndexOutOfBoundsException'> (0x000000076dc65db0) thrown at [/build/openjdk-8-6jqSe7/openjdk-8-8u191-b12/src/hotspot/src/share/vm/runtime/sharedRuntime.cpp, line 605]
Event: 1.736 Thread 0x00007fa988010800 Exception <a 'java/lang/ArrayIndexOutOfBoundsException'> (0x000000076e19b648) thrown at [/build/openjdk-8-6jqSe7/openjdk-8-8u191-b12/src/hotspot/src/share/vm/runtime/sharedRuntime.cpp, line 605]
Event: 1.748 Thread 0x00007fa988010800 Exception <a 'java/lang/ArrayIndexOutOfBoundsException'> (0x000000076e37ecf0) thrown at [/build/openjdk-8-6jqSe7/openjdk-8-8u191-b12/src/hotspot/src/share/vm/runtime/sharedRuntime.cpp, line 605]
Event: 1.767 Thread 0x00007fa988010800 Exception <a 'java/lang/ArrayIndexOutOfBoundsException'> (0x000000076e5c3ab8) thrown at [/build/openjdk-8-6jqSe7/openjdk-8-8u191-b12/src/hotspot/src/share/vm/runtime/sharedRuntime.cpp, line 605]
Event: 1.767 Thread 0x00007fa988010800 Exception <a 'java/lang/ArrayIndexOutOfBoundsException'> (0x000000076e5c4a78) thrown at [/build/openjdk-8-6jqSe7/openjdk-8-8u191-b12/src/hotspot/src/share/vm/runtime/sharedRuntime.cpp, line 605]
Event: 1.767 Thread 0x00007fa988010800 Exception <a 'java/lang/ArrayIndexOutOfBoundsException'> (0x000000076e5c6a98) thrown at [/build/openjdk-8-6jqSe7/openjdk-8-8u191-b12/src/hotspot/src/share/vm/runtime/sharedRuntime.cpp, line 605]
Event: 4.755 Thread 0x00007fa988c49800 Exception <a 'java/lang/NoSuchMethodError': java.lang.Object.lambda$thenComparing$36697e65$1(Ljava/util/Comparator;Ljava/lang/Object;Ljava/lang/Object;)I> (0x000000076f644340) thrown at [/build/openjdk-8-6jqSe7/openjdk-8-8u191-b12/src/hotspot/src/share/vm

Events (10 events):
Event: 142.930 Executing VM operation: ChangeBreakpoints done
Event: 142.940 Executing VM operation: ChangeBreakpoints
Event: 142.941 Executing VM operation: ChangeBreakpoints done
Event: 142.948 Executing VM operation: EnterInterpOnlyMode
Event: 142.948 Executing VM operation: EnterInterpOnlyMode done
Event: 142.948 Executing VM operation: GetCurrentLocation
Event: 142.949 Executing VM operation: GetCurrentLocation done
Event: 142.949 Executing VM operation: ChangeSingleStep
Event: 142.949 Executing VM operation: ChangeSingleStep done
Event: 142.949 Executing VM operation: GetOrSetLocal


Dynamic libraries:
00400000-00401000 r-xp 00000000 08:03 42212434                           /usr/lib/jvm/java-8-openjdk-amd64/jre/bin/java
00600000-00601000 r--p 00000000 08:03 42212434                           /usr/lib/jvm/java-8-openjdk-amd64/jre/bin/java
00601000-00602000 rw-p 00001000 08:03 42212434                           /usr/lib/jvm/java-8-openjdk-amd64/jre/bin/java
02094000-020b5000 rw-p 00000000 00:00 0                                  [heap]
6c7600000-6ce180000 rw-p 00000000 00:00 0 
6ce180000-76d200000 ---p 00000000 00:00 0 
76d200000-774200000 rw-p 00000000 00:00 0 
774200000-7c0000000 ---p 00000000 00:00 0 
7c0000000-7c04a0000 rw-p 00000000 00:00 0 
7c04a0000-800000000 ---p 00000000 00:00 0 
7fa88c000000-7fa88c021000 rw-p 00000000 00:00 0 
7fa88c021000-7fa890000000 ---p 00000000 00:00 0 
7fa890000000-7fa890021000 rw-p 00000000 00:00 0 
7fa890021000-7fa894000000 ---p 00000000 00:00 0 
7fa894000000-7fa894021000 rw-p 00000000 00:00 0 
7fa894021000-7fa898000000 ---p 00000000 00:00 0 
7fa898000000-7fa898021000 rw-p 00000000 00:00 0 
7fa898021000-7fa89c000000 ---p 00000000 00:00 0 
7fa89c000000-7fa89c021000 rw-p 00000000 00:00 0 
7fa89c021000-7fa8a0000000 ---p 00000000 00:00 0 
7fa8a0000000-7fa8a0021000 rw-p 00000000 00:00 0 
7fa8a0021000-7fa8a4000000 ---p 00000000 00:00 0 
7fa8a4000000-7fa8a4021000 rw-p 00000000 00:00 0 
7fa8a4021000-7fa8a8000000 ---p 00000000 00:00 0 
7fa8a8000000-7fa8a8021000 rw-p 00000000 00:00 0 
7fa8a8021000-7fa8ac000000 ---p 00000000 00:00 0 
7fa8ac000000-7fa8ac021000 rw-p 00000000 00:00 0 
7fa8ac021000-7fa8b0000000 ---p 00000000 00:00 0 
7fa8b0000000-7fa8b0021000 rw-p 00000000 00:00 0 
7fa8b0021000-7fa8b4000000 ---p 00000000 00:00 0 
7fa8b4000000-7fa8b4021000 rw-p 00000000 00:00 0 
7fa8b4021000-7fa8b8000000 ---p 00000000 00:00 0 
7fa8b8000000-7fa8b8021000 rw-p 00000000 00:00 0 
7fa8b8021000-7fa8bc000000 ---p 00000000 00:00 0 
7fa8bc000000-7fa8bc021000 rw-p 00000000 00:00 0 
7fa8bc021000-7fa8c0000000 ---p 00000000 00:00 0 
7fa8c0000000-7fa8c0021000 rw-p 00000000 00:00 0 
7fa8c0021000-7fa8c4000000 ---p 00000000 00:00 0 
7fa8c4000000-7fa8c4021000 rw-p 00000000 00:00 0 
7fa8c4021000-7fa8c8000000 ---p 00000000 00:00 0 
7fa8c8000000-7fa8c8021000 rw-p 00000000 00:00 0 
7fa8c8021000-7fa8cc000000 ---p 00000000 00:00 0 
7fa8cc000000-7fa8cc021000 rw-p 00000000 00:00 0 
7fa8cc021000-7fa8d0000000 ---p 00000000 00:00 0 
7fa8d0000000-7fa8d0021000 rw-p 00000000 00:00 0 
7fa8d0021000-7fa8d4000000 ---p 00000000 00:00 0 
7fa8d4000000-7fa8d4021000 rw-p 00000000 00:00 0 
7fa8d4021000-7fa8d8000000 ---p 00000000 00:00 0 
7fa8d8000000-7fa8d8021000 rw-p 00000000 00:00 0 
7fa8d8021000-7fa8dc000000 ---p 00000000 00:00 0 
7fa8dc000000-7fa8dc021000 rw-p 00000000 00:00 0 
7fa8dc021000-7fa8e0000000 ---p 00000000 00:00 0 
7fa8e0000000-7fa8e0021000 rw-p 00000000 00:00 0 
7fa8e0021000-7fa8e4000000 ---p 00000000 00:00 0 
7fa8e4000000-7fa8e4021000 rw-p 00000000 00:00 0 
7fa8e4021000-7fa8e8000000 ---p 00000000 00:00 0 
7fa8e8000000-7fa8e80c4000 rw-p 00000000 00:00 0 
7fa8e80c4000-7fa8ec000000 ---p 00000000 00:00 0 
7fa8ec000000-7fa8ec021000 rw-p 00000000 00:00 0 
7fa8ec021000-7fa8f0000000 ---p 00000000 00:00 0 
7fa8f0000000-7fa8f0021000 rw-p 00000000 00:00 0 
7fa8f0021000-7fa8f4000000 ---p 00000000 00:00 0 
7fa8f57e8000-7fa8f57eb000 ---p 00000000 00:00 0 
7fa8f57eb000-7fa8f58e9000 rw-p 00000000 00:00 0 
7fa8f58e9000-7fa8f58ec000 ---p 00000000 00:00 0 
7fa8f58ec000-7fa8f59ea000 rw-p 00000000 00:00 0 
7fa8f59ea000-7fa8f59ed000 ---p 00000000 00:00 0 
7fa8f59ed000-7fa8f5aeb000 rw-p 00000000 00:00 0 
7fa8f5aeb000-7fa8f5aee000 ---p 00000000 00:00 0 
7fa8f5aee000-7fa8f5bec000 rw-p 00000000 00:00 0 
7fa8f5bec000-7fa8f5bef000 ---p 00000000 00:00 0 
7fa8f5bef000-7fa8f5ced000 rw-p 00000000 00:00 0 
7fa8f5ced000-7fa8f5cf0000 ---p 00000000 00:00 0 
7fa8f5cf0000-7fa8f5dee000 rw-p 00000000 00:00 0 
7fa8f5dee000-7fa8f5df1000 ---p 00000000 00:00 0 
7fa8f5df1000-7fa8f5eef000 rw-p 00000000 00:00 0 
7fa8f5eef000-7fa8f5ef2000 ---p 00000000 00:00 0 
7fa8f5ef2000-7fa8f5ff0000 rw-p 00000000 00:00 0 
7fa8f5ff0000-7fa8f5ff3000 ---p 00000000 00:00 0 
7fa8f5ff3000-7fa8f60f1000 rw-p 00000000 00:00 0 
7fa8f60f1000-7fa8f60f4000 ---p 00000000 00:00 0 
7fa8f60f4000-7fa8f61f2000 rw-p 00000000 00:00 0 
7fa8f61f2000-7fa8f61f5000 ---p 00000000 00:00 0 
7fa8f61f5000-7fa8f62f3000 rw-p 00000000 00:00 0 
7fa8f62f3000-7fa8f62f6000 ---p 00000000 00:00 0 
7fa8f62f6000-7fa8f63f4000 rw-p 00000000 00:00 0 
7fa8f63f4000-7fa8f63f7000 ---p 00000000 00:00 0 
7fa8f63f7000-7fa8f64f5000 rw-p 00000000 00:00 0 
7fa8f64f5000-7fa8f64f8000 ---p 00000000 00:00 0 
7fa8f64f8000-7fa8f65f6000 rw-p 00000000 00:00 0 
7fa8f65f6000-7fa8f65f9000 ---p 00000000 00:00 0 
7fa8f65f9000-7fa8f66f7000 rw-p 00000000 00:00 0 
7fa8f66f7000-7fa8f66fa000 ---p 00000000 00:00 0 
7fa8f66fa000-7fa8f67f8000 rw-p 00000000 00:00 0 
7fa8f67f8000-7fa8f67fb000 ---p 00000000 00:00 0 
7fa8f67fb000-7fa8f68f9000 rw-p 00000000 00:00 0 
7fa8f68f9000-7fa8f68fc000 ---p 00000000 00:00 0 
7fa8f68fc000-7fa8f69fa000 rw-p 00000000 00:00 0 
7fa8f69fa000-7fa8f69fd000 ---p 00000000 00:00 0 
7fa8f69fd000-7fa8f6afb000 rw-p 00000000 00:00 0 
7fa8f6afb000-7fa8f6afe000 ---p 00000000 00:00 0 
7fa8f6afe000-7fa8f6bfc000 rw-p 00000000 00:00 0 
7fa8f6bfc000-7fa8f6bff000 ---p 00000000 00:00 0 
7fa8f6bff000-7fa8f6cfd000 rw-p 00000000 00:00 0 
7fa8f6cfd000-7fa8f6d00000 ---p 00000000 00:00 0 
7fa8f6d00000-7fa8f6dfe000 rw-p 00000000 00:00 0 
7fa8f6dfe000-7fa8f6e01000 ---p 00000000 00:00 0 
7fa8f6e01000-7fa8f6eff000 rw-p 00000000 00:00 0 
7fa8f6eff000-7fa8f6f02000 ---p 00000000 00:00 0 
7fa8f6f02000-7fa8f71f6000 rw-p 00000000 00:00 0 
7fa8f71f6000-7fa8f7200000 ---p 00000000 00:00 0 
7fa8f7200000-7fa8f7400000 rw-p 00000000 00:00 0 
7fa8f7400000-7fa8f7600000 rw-p 00000000 00:00 0 
7fa8f7600000-7fa8f7800000 rw-p 00000000 00:00 0 
7fa8f7800000-7fa8f7a00000 rw-p 00000000 00:00 0 
7fa8f7a00000-7fa8f7c00000 rw-p 00000000 00:00 0 
7fa8f7c00000-7fa8f7e00000 rw-p 00000000 00:00 0 
7fa8f7e00000-7fa8f8000000 rw-p 00000000 00:00 0 
7fa8f8000000-7fa8f8021000 rw-p 00000000 00:00 0 
7fa8f8021000-7fa8fc000000 ---p 00000000 00:00 0 
7fa8fc000000-7fa8fc021000 rw-p 00000000 00:00 0 
7fa8fc021000-7fa900000000 ---p 00000000 00:00 0 
7fa900000000-7fa9003c2000 rw-p 00000000 00:00 0 
7fa9003c2000-7fa904000000 ---p 00000000 00:00 0 
7fa904000000-7fa904021000 rw-p 00000000 00:00 0 
7fa904021000-7fa908000000 ---p 00000000 00:00 0 
7fa908000000-7fa908021000 rw-p 00000000 00:00 0 
7fa908021000-7fa90c000000 ---p 00000000 00:00 0 
7fa90c000000-7fa90c021000 rw-p 00000000 00:00 0 
7fa90c021000-7fa910000000 ---p 00000000 00:00 0 
7fa910000000-7fa910021000 rw-p 00000000 00:00 0 
7fa910021000-7fa914000000 ---p 00000000 00:00 0 
7fa914000000-7fa914021000 rw-p 00000000 00:00 0 
7fa914021000-7fa918000000 ---p 00000000 00:00 0 
7fa918000000-7fa9185d7000 rw-p 00000000 00:00 0 
7fa9185d7000-7fa91c000000 ---p 00000000 00:00 0 
7fa91c000000-7fa91c021000 rw-p 00000000 00:00 0 
7fa91c021000-7fa920000000 ---p 00000000 00:00 0 
7fa920000000-7fa920021000 rw-p 00000000 00:00 0 
7fa920021000-7fa924000000 ---p 00000000 00:00 0 
7fa924000000-7fa924021000 rw-p 00000000 00:00 0 
7fa924021000-7fa928000000 ---p 00000000 00:00 0 
7fa928000000-7fa928021000 rw-p 00000000 00:00 0 
7fa928021000-7fa92c000000 ---p 00000000 00:00 0 
7fa92c000000-7fa92c046000 rw-p 00000000 00:00 0 
7fa92c046000-7fa930000000 ---p 00000000 00:00 0 
7fa930000000-7fa93004a000 rw-p 00000000 00:00 0 
7fa93004a000-7fa934000000 ---p 00000000 00:00 0 
7fa934000000-7fa934021000 rw-p 00000000 00:00 0 
7fa934021000-7fa938000000 ---p 00000000 00:00 0 
7fa938000000-7fa938021000 rw-p 00000000 00:00 0 
7fa938021000-7fa93c000000 ---p 00000000 00:00 0 
7fa93c000000-7fa93c021000 rw-p 00000000 00:00 0 
7fa93c021000-7fa940000000 ---p 00000000 00:00 0 
7fa940000000-7fa940021000 rw-p 00000000 00:00 0 
7fa940021000-7fa944000000 ---p 00000000 00:00 0 
7fa9440ad000-7fa9440b0000 ---p 00000000 00:00 0 
7fa9440b0000-7fa9441ae000 rw-p 00000000 00:00 0 
7fa9441ae000-7fa9441b1000 ---p 00000000 00:00 0 
7fa9441b1000-7fa9442af000 rw-p 00000000 00:00 0 
7fa9442af000-7fa9442b2000 ---p 00000000 00:00 0 
7fa9442b2000-7fa94c000000 rw-p 00000000 00:00 0 
7fa94c000000-7fa94c021000 rw-p 00000000 00:00 0 
7fa94c021000-7fa950000000 ---p 00000000 00:00 0 
7fa950000000-7fa950041000 rw-p 00000000 00:00 0 
7fa950041000-7fa954000000 ---p 00000000 00:00 0 
7fa954000000-7fa954021000 rw-p 00000000 00:00 0 
7fa954021000-7fa958000000 ---p 00000000 00:00 0 
7fa958000000-7fa958021000 rw-p 00000000 00:00 0 
7fa958021000-7fa95c000000 ---p 00000000 00:00 0 
7fa95c000000-7fa95c021000 rw-p 00000000 00:00 0 
7fa95c021000-7fa960000000 ---p 00000000 00:00 0 
7fa96003c000-7fa960041000 r--s 002f9000 08:03 42208235                   /usr/lib/jvm/java-8-openjdk-amd64/jre/lib/charsets.jar
7fa960041000-7fa960044000 ---p 00000000 00:00 0 
7fa960044000-7fa960342000 rw-p 00000000 00:00 0 
7fa960342000-7fa960345000 ---p 00000000 00:00 0 
7fa960345000-7fa960643000 rw-p 00000000 00:00 0 
7fa960643000-7fa960646000 ---p 00000000 00:00 0 
7fa960646000-7fa960944000 rw-p 00000000 00:00 0 
7fa960944000-7fa960945000 ---p 00000000 00:00 0 
7fa960945000-7fa960a45000 rw-p 00000000 00:00 0 
7fa960a45000-7fa960a48000 ---p 00000000 00:00 0 
7fa960a48000-7fa960b46000 rw-p 00000000 00:00 0 
7fa960b46000-7fa960b49000 ---p 00000000 00:00 0 
7fa960b49000-7fa960c47000 rw-p 00000000 00:00 0 
7fa960c47000-7fa960c4a000 ---p 00000000 00:00 0 
7fa960c4a000-7fa960d48000 rw-p 00000000 00:00 0 
7fa960d48000-7fa960d4d000 r--s 000a0000 08:03 42208325                   /usr/lib/jvm/java-8-openjdk-amd64/jre/lib/jsse.jar
7fa960d4d000-7fa960d54000 r--s 0004b000 08:03 51382040                   /home/jeavio64/.m2/repository/commons-codec/commons-codec/1.11/commons-codec-1.11.jar
7fa960d54000-7fa960d5b000 r--s 00049000 08:03 51643703                   /home/jeavio64/.m2/repository/org/apache/httpcomponents/httpcore/4.4.10/httpcore-4.4.10.jar
7fa960d5b000-7fa960d68000 r--s 000af000 08:03 51643719                   /home/jeavio64/.m2/repository/org/apache/httpcomponents/httpclient/4.5.6/httpclient-4.5.6.jar
7fa960d68000-7fa960d6b000 r--s 0000e000 08:03 50333338                   /home/jeavio64/.m2/repository/com/fasterxml/jackson/core/jackson-annotations/2.9.0/jackson-annotations-2.9.0.jar
7fa960d6b000-7fa960d6d000 r--s 00009000 08:03 50333390                   /home/jeavio64/.m2/repository/org/slf4j/slf4j-api/1.7.25/slf4j-api-1.7.25.jar
7fa960d6d000-7fa960d6f000 r--s 0000c000 08:03 50333388                   /home/jeavio64/.m2/repository/org/ow2/asm/asm/5.0.4/asm-5.0.4.jar
7fa960d6f000-7fa960d71000 r--s 00006000 08:03 50333386                   /home/jeavio64/.m2/repository/net/minidev/accessors-smart/1.2/accessors-smart-1.2.jar
7fa960d71000-7fa960d74000 r--s 0001b000 08:03 50333384                   /home/jeavio64/.m2/repository/net/minidev/json-smart/2.3/json-smart-2.3.jar
7fa960d74000-7fa960d7a000 r--s 00031000 08:03 50333382                   /home/jeavio64/.m2/repository/com/jayway/jsonpath/json-path/2.4.0/json-path-2.4.0.jar
7fa960d7a000-7fa960d8c000 r--s 00137000 08:03 50333336                   /home/jeavio64/.m2/repository/com/fasterxml/jackson/core/jackson-databind/2.9.8/jackson-databind-2.9.8.jar
7fa960d8c000-7fa960d90000 r--s 0004c000 08:03 50333340                   /home/jeavio64/.m2/repository/com/fasterxml/jackson/core/jackson-core/2.9.8/jackson-core-2.9.8.jar
7fa960d90000-7fa960d93000 r--s 0001b000 08:03 50594584                   /home/jeavio64/.m2/repository/org/apache/struts/struts-tiles/1.3.8/struts-tiles-1.3.8.jar
7fa960d93000-7fa960d98000 r--s 00039000 08:03 50594589                   /home/jeavio64/.m2/repository/org/apache/struts/struts-taglib/1.3.8/struts-taglib-1.3.8.jar
7fa960d98000-7fa960d9d000 r--s 00068000 08:03 49808151                   /home/jeavio64/.m2/repository/antlr/antlr/2.7.7/antlr-2.7.7.jar
7fa960d9d000-7fa960da3000 r--s 0004b000 08:03 50594598                   /home/jeavio64/.m2/repository/org/apache/struts/struts-core/1.3.8/struts-core-1.3.8.jar
7fa960da3000-7fa960da5000 r--s 00005000 08:03 50594597                   /home/jeavio64/.m2/repository/sslext/sslext/1.2-0/sslext-1.2-0.jar
7fa960da5000-7fa960da7000 r--s 0000e000 08:03 50594586                   /home/jeavio64/.m2/repository/oro/oro/2.0.8/oro-2.0.8.jar
7fa960da7000-7fa960db0000 r--s 0002d000 08:03 51511390                   /home/jeavio64/.m2/repository/xml-apis/xml-apis/1.4.01/xml-apis-1.4.01.jar
7fa960db0000-7fa960db5000 r--s 00048000 08:03 49808119                   /home/jeavio64/.m2/repository/dom4j/dom4j/1.6.1/dom4j-1.6.1.jar
7fa960db5000-7fa960db8000 r--s 0001f000 08:03 50594591                   /home/jeavio64/.m2/repository/commons-validator/commons-validator/1.3.1/commons-validator-1.3.1.jar
7fa960db8000-7fa960dbb000 r--s 00011000 08:03 50594580                   /home/jeavio64/.m2/repository/javax/servlet/servlet-api/2.3/servlet-api-2.3.jar
7fa960dbb000-7fa960dbc000 r--s 0000c000 08:03 50594587                   /home/jeavio64/.m2/repository/commons-logging/commons-logging/1.1/commons-logging-1.1.jar
7fa960dbc000-7fa960dc0000 r--s 00020000 08:03 50594582                   /home/jeavio64/.m2/repository/commons-digester/commons-digester/1.8/commons-digester-1.8.jar
7fa960dc0000-7fa960dc5000 r--s 0002a000 08:03 50594576                   /home/jeavio64/.m2/repository/commons-beanutils/commons-beanutils/1.7.0/commons-beanutils-1.7.0.jar
7fa960dc5000-7fa960dd3000 r--s 0007f000 08:03 49808217                   /home/jeavio64/.m2/repository/commons-collections/commons-collections/3.2.1/commons-collections-3.2.1.jar
7fa960dd3000-7fa960dec000 r--s 00123000 08:03 50334671                   /home/jeavio64/.m2/repository/org/springframework/spring-core/5.1.4.RELEASE/spring-core-5.1.4.RELEASE.jar
7fa960dec000-7fa960dfd000 r-xp 00000000 08:03 42208321                   /usr/lib/jvm/java-8-openjdk-amd64/jre/lib/amd64/libnio.so
7fa960dfd000-7fa960ffd000 ---p 00011000 08:03 42208321                   /usr/lib/jvm/java-8-openjdk-amd64/jre/lib/amd64/libnio.so
7fa960ffd000-7fa960ffe000 r--p 00011000 08:03 42208321                   /usr/lib/jvm/java-8-openjdk-amd64/jre/lib/amd64/libnio.so
7fa960ffe000-7fa960fff000 rw-p 00012000 08:03 42208321                   /usr/lib/jvm/java-8-openjdk-amd64/jre/lib/amd64/libnio.so
7fa960fff000-7fa964000000 rw-p 00000000 00:00 0 
7fa964000000-7fa964021000 rw-p 00000000 00:00 0 
7fa964021000-7fa968000000 ---p 00000000 00:00 0 
7fa968000000-7fa968002000 r--s 00014000 08:03 50594585                   /home/jeavio64/.m2/repository/commons-chain/commons-chain/1.1/commons-chain-1.1.jar
7fa968002000-7fa968008000 r--s 0004f000 08:03 50594572                   /home/jeavio64/.m2/repository/org/apache/velocity/velocity-tools/2.0/velocity-tools-2.0.jar
7fa968008000-7fa96800c000 r--s 0003c000 08:03 49808146                   /home/jeavio64/.m2/repository/commons-lang/commons-lang/2.4/commons-lang-2.4.jar
7fa96800c000-7fa968014000 r--s 00066000 08:03 49808143                   /home/jeavio64/.m2/repository/org/apache/velocity/velocity/1.7/velocity-1.7.jar
7fa968014000-7fa968015000 r--s 00005000 08:03 50334673                   /home/jeavio64/.m2/repository/org/springframework/spring-jcl/5.1.4.RELEASE/spring-jcl-5.1.4.RELEASE.jar
7fa968015000-7fa96801a000 r--s 00040000 08:03 50333374                   /home/jeavio64/.m2/repository/org/springframework/spring-expression/5.1.4.RELEASE/spring-expression-5.1.4.RELEASE.jar
7fa96801a000-7fa968034000 r--s 000f3000 08:03 50333372                   /home/jeavio64/.m2/repository/org/springframework/spring-context/5.1.4.RELEASE/spring-context-5.1.4.RELEASE.jar
7fa968034000-7fa96803e000 r--s 00051000 08:03 50333370                   /home/jeavio64/.m2/repository/org/springframework/spring-aop/5.1.4.RELEASE/spring-aop-5.1.4.RELEASE.jar
7fa96803e000-7fa96804d000 r--s 000b5000 08:03 50333368                   /home/jeavio64/.m2/repository/org/springframework/spring-webmvc/5.1.4.RELEASE/spring-webmvc-5.1.4.RELEASE.jar
7fa96804d000-7fa96805a000 r--s 00098000 08:03 50333366                   /home/jeavio64/.m2/repository/org/springframework/spring-beans/5.1.4.RELEASE/spring-beans-5.1.4.RELEASE.jar
7fa96805a000-7fa968076000 r--s 00136000 08:03 50333364                   /home/jeavio64/.m2/repository/org/springframework/spring-web/5.1.4.RELEASE/spring-web-5.1.4.RELEASE.jar
7fa968076000-7fa968078000 r--s 0000f000 08:03 50333362                   /home/jeavio64/.m2/repository/com/fasterxml/classmate/1.4.0/classmate-1.4.0.jar
7fa968078000-7fa96807a000 r--s 0000f000 08:03 50333360                   /home/jeavio64/.m2/repository/org/jboss/logging/jboss-logging/3.3.2.Final/jboss-logging-3.3.2.Final.jar
7fa96807a000-7fa96807f000 r--s 00012000 08:03 50333358                   /home/jeavio64/.m2/repository/javax/validation/validation-api/2.0.1.Final/validation-api-2.0.1.Final.jar
7fa96807f000-7fa96809c000 r--s 000fe000 08:03 50333356                   /home/jeavio64/.m2/repository/org/hibernate/validator/hibernate-validator/6.0.14.Final/hibernate-validator-6.0.14.Final.jar
7fa96809c000-7fa9680a2000 r--s 0003b000 08:03 50333354                   /home/jeavio64/.m2/repository/org/apache/tomcat/embed/tomcat-embed-websocket/9.0.14/tomcat-embed-websocket-9.0.14.jar
7fa9680a2000-7fa9680a7000 r--s 00039000 08:03 50333352                   /home/jeavio64/.m2/repository/org/apache/tomcat/embed/tomcat-embed-el/9.0.14/tomcat-embed-el-9.0.14.jar
7fa9680a7000-7fa9680d1000 r--s 002f1000 08:03 50333350                   /home/jeavio64/.m2/repository/org/apache/tomcat/embed/tomcat-embed-core/9.0.14/tomcat-embed-core-9.0.14.jar
7fa9680d1000-7fa9680d3000 r--s 00001000 08:03 50333346                   /home/jeavio64/.m2/repository/com/fasterxml/jackson/module/jackson-module-parameter-names/2.9.8/jackson-module-parameter-names-2.9.8.jar
7fa9680d3000-7fa9680d6000 r--s 00016000 08:03 50333344                   /home/jeavio64/.m2/repository/com/fasterxml/jackson/datatype/jackson-datatype-jsr310/2.9.8/jackson-datatype-jsr310-2.9.8.jar
7fa9680d6000-7fa9680d8000 r--s 00007000 08:03 50333342                   /home/jeavio64/.m2/repository/com/fasterxml/jackson/datatype/jackson-datatype-jdk8/2.9.8/jackson-datatype-jdk8-2.9.8.jar
7fa9680d8000-7fa9680df000 r--s 00043000 08:03 50333332                   /home/jeavio64/.m2/repository/org/yaml/snakeyaml/1.23/snakeyaml-1.23.jar
7fa9680df000-7fa9680e1000 r--s 00005000 08:03 50333330                   /home/jeavio64/.m2/repository/javax/annotation/javax.annotation-api/1.3.2/javax.annotation-api-1.3.2.jar
7fa9680e1000-7fa9680e3000 r--s 00000000 08:03 50333328                   /home/jeavio64/.m2/repository/org/slf4j/jul-to-slf4j/1.7.25/jul-to-slf4j-1.7.25.jar
7fa9680e3000-7fa9680e9000 r--s 0003b000 08:03 50333326                   /home/jeavio64/.m2/repository/org/apache/logging/log4j/log4j-api/2.11.1/log4j-api-2.11.1.jar
7fa9680e9000-7fa9680eb000 r--s 00003000 08:03 50333324                   /home/jeavio64/.m2/repository/org/apache/logging/log4j/log4j-to-slf4j/2.11.1/log4j-to-slf4j-2.11.1.jar
7fa9680eb000-7fa96810e000 r--s 00110000 08:03 50333316                   /home/jeavio64/.m2/repository/org/springframework/boot/spring-boot-autoconfigure/2.1.2.RELEASE/spring-boot-autoconfigure-2.1.2.RELEASE.jar
7fa96810e000-7fa968123000 r--s 000d3000 08:03 50333314                   /home/jeavio64/.m2/repository/org/springframework/boot/spring-boot/2.1.2.RELEASE/spring-boot-2.1.2.RELEASE.jar
7fa968123000-7fa96813e000 r--s 00394000 08:03 42208273                   /usr/lib/jvm/java-8-openjdk-amd64/jre/lib/ext/cldrdata.jar
7fa96813e000-7fa968159000 r--s 001d6000 08:03 42208261                   /usr/lib/jvm/java-8-openjdk-amd64/jre/lib/ext/nashorn.jar
7fa968159000-7fa968170000 r-xp 00000000 08:03 42208292                   /usr/lib/jvm/java-8-openjdk-amd64/jre/lib/amd64/libnet.so
7fa968170000-7fa96836f000 ---p 00017000 08:03 42208292                   /usr/lib/jvm/java-8-openjdk-amd64/jre/lib/amd64/libnet.so
7fa96836f000-7fa968370000 r--p 00016000 08:03 42208292                   /usr/lib/jvm/java-8-openjdk-amd64/jre/lib/amd64/libnet.so
7fa968370000-7fa968371000 rw-p 00017000 08:03 42208292                   /usr/lib/jvm/java-8-openjdk-amd64/jre/lib/amd64/libnet.so
7fa968371000-7fa96837a000 r-xp 00000000 08:03 42208295                   /usr/lib/jvm/java-8-openjdk-amd64/jre/lib/amd64/libmanagement.so
7fa96837a000-7fa968579000 ---p 00009000 08:03 42208295                   /usr/lib/jvm/java-8-openjdk-amd64/jre/lib/amd64/libmanagement.so
7fa968579000-7fa96857a000 r--p 00008000 08:03 42208295                   /usr/lib/jvm/java-8-openjdk-amd64/jre/lib/amd64/libmanagement.so
7fa96857a000-7fa96857b000 rw-p 00009000 08:03 42208295                   /usr/lib/jvm/java-8-openjdk-amd64/jre/lib/amd64/libmanagement.so
7fa96857b000-7fa96857e000 ---p 00000000 00:00 0 
7fa96857e000-7fa96867c000 rw-p 00000000 00:00 0 
7fa96867c000-7fa96867f000 ---p 00000000 00:00 0 
7fa96867f000-7fa96877d000 rw-p 00000000 00:00 0 
7fa96877d000-7fa968780000 ---p 00000000 00:00 0 
7fa968780000-7fa96887e000 rw-p 00000000 00:00 0 
7fa96887e000-7fa968881000 ---p 00000000 00:00 0 
7fa968881000-7fa96897f000 rw-p 00000000 00:00 0 
7fa96897f000-7fa968982000 ---p 00000000 00:00 0 
7fa968982000-7fa968a80000 rw-p 00000000 00:00 0 
7fa968a80000-7fa968a83000 ---p 00000000 00:00 0 
7fa968a83000-7fa968b81000 rw-p 00000000 00:00 0 
7fa968b81000-7fa968b84000 ---p 00000000 00:00 0 
7fa968b84000-7fa968c82000 rw-p 00000000 00:00 0 
7fa968c82000-7fa968c85000 ---p 00000000 00:00 0 
7fa968c85000-7fa968d83000 rw-p 00000000 00:00 0 
7fa968d83000-7fa968d87000 r-xp 00000000 08:03 42208301                   /usr/lib/jvm/java-8-openjdk-amd64/jre/lib/amd64/libdt_socket.so
7fa968d87000-7fa968f86000 ---p 00004000 08:03 42208301                   /usr/lib/jvm/java-8-openjdk-amd64/jre/lib/amd64/libdt_socket.so
7fa968f86000-7fa968f87000 r--p 00003000 08:03 42208301                   /usr/lib/jvm/java-8-openjdk-amd64/jre/lib/amd64/libdt_socket.so
7fa968f87000-7fa968f88000 rw-p 00004000 08:03 42208301                   /usr/lib/jvm/java-8-openjdk-amd64/jre/lib/amd64/libdt_socket.so
7fa968f88000-7fa968f8b000 ---p 00000000 00:00 0 
7fa968f8b000-7fa969089000 rw-p 00000000 00:00 0 
7fa969089000-7fa96908c000 ---p 00000000 00:00 0 
7fa96908c000-7fa96918a000 rw-p 00000000 00:00 0 
7fa96918a000-7fa96918d000 ---p 00000000 00:00 0 
7fa96918d000-7fa96928b000 rw-p 00000000 00:00 0 
7fa96928b000-7fa96928c000 ---p 00000000 00:00 0 
7fa96928c000-7fa96ae6c000 rw-p 00000000 00:00 0 
7fa96ae6c000-7fa96b03b000 r--s 03c33000 08:03 42208286                   /usr/lib/jvm/java-8-openjdk-amd64/jre/lib/rt.jar
7fa96b03b000-7fa96c000000 rw-p 00000000 00:00 0 
7fa96c000000-7fa96c021000 rw-p 00000000 00:00 0 
7fa96c021000-7fa970000000 ---p 00000000 00:00 0 
7fa970000000-7fa970021000 rw-p 00000000 00:00 0 
7fa970021000-7fa974000000 ---p 00000000 00:00 0 
7fa974000000-7fa974021000 rw-p 00000000 00:00 0 
7fa974021000-7fa978000000 ---p 00000000 00:00 0 
7fa978000000-7fa978001000 r--s 00000000 08:03 50333348                   /home/jeavio64/.m2/repository/org/springframework/boot/spring-boot-starter-tomcat/2.1.2.RELEASE/spring-boot-starter-tomcat-2.1.2.RELEASE.jar
7fa978001000-7fa97800c000 r--s 00069000 08:03 50333322                   /home/jeavio64/.m2/repository/ch/qos/logback/logback-core/1.2.3/logback-core-1.2.3.jar
7fa97800c000-7fa978234000 rw-p 00000000 00:00 0 
7fa978234000-7fa978235000 ---p 00000000 00:00 0 
7fa978235000-7fa978335000 rw-p 00000000 00:00 0 
7fa978335000-7fa978336000 ---p 00000000 00:00 0 
7fa978336000-7fa978436000 rw-p 00000000 00:00 0 
7fa978436000-7fa978437000 ---p 00000000 00:00 0 
7fa978437000-7fa978537000 rw-p 00000000 00:00 0 
7fa978537000-7fa978538000 ---p 00000000 00:00 0 
7fa978538000-7fa978638000 rw-p 00000000 00:00 0 
7fa978638000-7fa978639000 ---p 00000000 00:00 0 
7fa978639000-7fa978739000 rw-p 00000000 00:00 0 
7fa978739000-7fa97873a000 ---p 00000000 00:00 0 
7fa97873a000-7fa978870000 rw-p 00000000 00:00 0 
7fa978870000-7fa978d68000 ---p 00000000 00:00 0 
7fa978d68000-7fa978da0000 rw-p 00000000 00:00 0 
7fa978da0000-7fa978fff000 ---p 00000000 00:00 0 
7fa978fff000-7fa979000000 rw-p 00000000 00:00 0 
7fa979000000-7fa9796e0000 rwxp 00000000 00:00 0 
7fa9796e0000-7fa988000000 ---p 00000000 00:00 0 
7fa988000000-7fa988c9c000 rw-p 00000000 00:00 0 
7fa988c9c000-7fa98c000000 ---p 00000000 00:00 0 
7fa98c000000-7fa98c001000 r--s 00000000 08:03 50333334                   /home/jeavio64/.m2/repository/org/springframework/boot/spring-boot-starter-json/2.1.2.RELEASE/spring-boot-starter-json-2.1.2.RELEASE.jar
7fa98c001000-7fa98c007000 r--s 00041000 08:03 50333320                   /home/jeavio64/.m2/repository/ch/qos/logback/logback-classic/1.2.3/logback-classic-1.2.3.jar
7fa98c007000-7fa98c008000 r--s 00000000 08:03 50333318                   /home/jeavio64/.m2/repository/org/springframework/boot/spring-boot-starter-logging/2.1.2.RELEASE/spring-boot-starter-logging-2.1.2.RELEASE.jar
7fa98c008000-7fa98c009000 ---p 00000000 00:00 0 
7fa98c009000-7fa98c109000 rw-p 00000000 00:00 0 
7fa98c109000-7fa98c10a000 ---p 00000000 00:00 0 
7fa98c10a000-7fa98c240000 rw-p 00000000 00:00 0 
7fa98c240000-7fa98c738000 ---p 00000000 00:00 0 
7fa98c738000-7fa98c754000 rw-p 00000000 00:00 0 
7fa98c754000-7fa98caf8000 ---p 00000000 00:00 0 
7fa98caf8000-7fa98cb00000 r-xp 00000000 08:03 42208302                   /usr/lib/jvm/java-8-openjdk-amd64/jre/lib/amd64/libzip.so
7fa98cb00000-7fa98ccff000 ---p 00008000 08:03 42208302                   /usr/lib/jvm/java-8-openjdk-amd64/jre/lib/amd64/libzip.so
7fa98ccff000-7fa98cd00000 r--p 00007000 08:03 42208302                   /usr/lib/jvm/java-8-openjdk-amd64/jre/lib/amd64/libzip.so
7fa98cd00000-7fa98cd01000 rw-p 00008000 08:03 42208302                   /usr/lib/jvm/java-8-openjdk-amd64/jre/lib/amd64/libzip.so
7fa98cd01000-7fa98cd0c000 r-xp 00000000 08:03 25428168                   /lib/x86_64-linux-gnu/libnss_files-2.23.so
7fa98cd0c000-7fa98cf0b000 ---p 0000b000 08:03 25428168                   /lib/x86_64-linux-gnu/libnss_files-2.23.so
7fa98cf0b000-7fa98cf0c000 r--p 0000a000 08:03 25428168                   /lib/x86_64-linux-gnu/libnss_files-2.23.so
7fa98cf0c000-7fa98cf0d000 rw-p 0000b000 08:03 25428168                   /lib/x86_64-linux-gnu/libnss_files-2.23.so
7fa98cf0d000-7fa98cf13000 rw-p 00000000 00:00 0 
7fa98cf13000-7fa98cf1e000 r-xp 00000000 08:03 25428172                   /lib/x86_64-linux-gnu/libnss_nis-2.23.so
7fa98cf1e000-7fa98d11d000 ---p 0000b000 08:03 25428172                   /lib/x86_64-linux-gnu/libnss_nis-2.23.so
7fa98d11d000-7fa98d11e000 r--p 0000a000 08:03 25428172                   /lib/x86_64-linux-gnu/libnss_nis-2.23.so
7fa98d11e000-7fa98d11f000 rw-p 0000b000 08:03 25428172                   /lib/x86_64-linux-gnu/libnss_nis-2.23.so
7fa98d11f000-7fa98d135000 r-xp 00000000 08:03 25428152                   /lib/x86_64-linux-gnu/libnsl-2.23.so
7fa98d135000-7fa98d334000 ---p 00016000 08:03 25428152                   /lib/x86_64-linux-gnu/libnsl-2.23.so
7fa98d334000-7fa98d335000 r--p 00015000 08:03 25428152                   /lib/x86_64-linux-gnu/libnsl-2.23.so
7fa98d335000-7fa98d336000 rw-p 00016000 08:03 25428152                   /lib/x86_64-linux-gnu/libnsl-2.23.so
7fa98d336000-7fa98d338000 rw-p 00000000 00:00 0 
7fa98d338000-7fa98d340000 r-xp 00000000 08:03 25428163                   /lib/x86_64-linux-gnu/libnss_compat-2.23.so
7fa98d340000-7fa98d53f000 ---p 00008000 08:03 25428163                   /lib/x86_64-linux-gnu/libnss_compat-2.23.so
7fa98d53f000-7fa98d540000 r--p 00007000 08:03 25428163                   /lib/x86_64-linux-gnu/libnss_compat-2.23.so
7fa98d540000-7fa98d541000 rw-p 00008000 08:03 25428163                   /lib/x86_64-linux-gnu/libnss_compat-2.23.so
7fa98d541000-7fa98d819000 r--p 00000000 08:03 42206702                   /usr/lib/locale/locale-archive
7fa98d819000-7fa98d81b000 r-xp 00000000 08:03 42208298                   /usr/lib/jvm/java-8-openjdk-amd64/jre/lib/amd64/libnpt.so
7fa98d81b000-7fa98da1b000 ---p 00002000 08:03 42208298                   /usr/lib/jvm/java-8-openjdk-amd64/jre/lib/amd64/libnpt.so
7fa98da1b000-7fa98da1c000 r--p 00002000 08:03 42208298                   /usr/lib/jvm/java-8-openjdk-amd64/jre/lib/amd64/libnpt.so
7fa98da1c000-7fa98da1d000 rw-p 00003000 08:03 42208298                   /usr/lib/jvm/java-8-openjdk-amd64/jre/lib/amd64/libnpt.so
7fa98da1d000-7fa98da58000 r-xp 00000000 08:03 42208309                   /usr/lib/jvm/java-8-openjdk-amd64/jre/lib/amd64/libjdwp.so
7fa98da58000-7fa98dc58000 ---p 0003b000 08:03 42208309                   /usr/lib/jvm/java-8-openjdk-amd64/jre/lib/amd64/libjdwp.so
7fa98dc58000-7fa98dc59000 r--p 0003b000 08:03 42208309                   /usr/lib/jvm/java-8-openjdk-amd64/jre/lib/amd64/libjdwp.so
7fa98dc59000-7fa98dc5a000 rw-p 0003c000 08:03 42208309                   /usr/lib/jvm/java-8-openjdk-amd64/jre/lib/amd64/libjdwp.so
7fa98dc5a000-7fa98dc87000 r-xp 00000000 08:03 42208306                   /usr/lib/jvm/java-8-openjdk-amd64/jre/lib/amd64/libjava.so
7fa98dc87000-7fa98de86000 ---p 0002d000 08:03 42208306                   /usr/lib/jvm/java-8-openjdk-amd64/jre/lib/amd64/libjava.so
7fa98de86000-7fa98de87000 r--p 0002c000 08:03 42208306                   /usr/lib/jvm/java-8-openjdk-amd64/jre/lib/amd64/libjava.so
7fa98de87000-7fa98de89000 rw-p 0002d000 08:03 42208306                   /usr/lib/jvm/java-8-openjdk-amd64/jre/lib/amd64/libjava.so
7fa98de89000-7fa98de98000 r-xp 00000000 08:03 42208310                   /usr/lib/jvm/java-8-openjdk-amd64/jre/lib/amd64/libverify.so
7fa98de98000-7fa98e097000 ---p 0000f000 08:03 42208310                   /usr/lib/jvm/java-8-openjdk-amd64/jre/lib/amd64/libverify.so
7fa98e097000-7fa98e099000 r--p 0000e000 08:03 42208310                   /usr/lib/jvm/java-8-openjdk-amd64/jre/lib/amd64/libverify.so
7fa98e099000-7fa98e09a000 rw-p 00010000 08:03 42208310                   /usr/lib/jvm/java-8-openjdk-amd64/jre/lib/amd64/libverify.so
7fa98e09a000-7fa98e0a1000 r-xp 00000000 08:03 25428173                   /lib/x86_64-linux-gnu/librt-2.23.so
7fa98e0a1000-7fa98e2a0000 ---p 00007000 08:03 25428173                   /lib/x86_64-linux-gnu/librt-2.23.so
7fa98e2a0000-7fa98e2a1000 r--p 00006000 08:03 25428173                   /lib/x86_64-linux-gnu/librt-2.23.so
7fa98e2a1000-7fa98e2a2000 rw-p 00007000 08:03 25428173                   /lib/x86_64-linux-gnu/librt-2.23.so
7fa98e2a2000-7fa98e2b8000 r-xp 00000000 08:03 25432448                   /lib/x86_64-linux-gnu/libgcc_s.so.1
7fa98e2b8000-7fa98e4b7000 ---p 00016000 08:03 25432448                   /lib/x86_64-linux-gnu/libgcc_s.so.1
7fa98e4b7000-7fa98e4b8000 rw-p 00015000 08:03 25432448                   /lib/x86_64-linux-gnu/libgcc_s.so.1
7fa98e4b8000-7fa98e5c0000 r-xp 00000000 08:03 25428151                   /lib/x86_64-linux-gnu/libm-2.23.so
7fa98e5c0000-7fa98e7bf000 ---p 00108000 08:03 25428151                   /lib/x86_64-linux-gnu/libm-2.23.so
7fa98e7bf000-7fa98e7c0000 r--p 00107000 08:03 25428151                   /lib/x86_64-linux-gnu/libm-2.23.so
7fa98e7c0000-7fa98e7c1000 rw-p 00108000 08:03 25428151                   /lib/x86_64-linux-gnu/libm-2.23.so
7fa98e7c1000-7fa98e933000 r-xp 00000000 08:03 42206920                   /usr/lib/x86_64-linux-gnu/libstdc++.so.6.0.21
7fa98e933000-7fa98eb33000 ---p 00172000 08:03 42206920                   /usr/lib/x86_64-linux-gnu/libstdc++.so.6.0.21
7fa98eb33000-7fa98eb3d000 r--p 00172000 08:03 42206920                   /usr/lib/x86_64-linux-gnu/libstdc++.so.6.0.21
7fa98eb3d000-7fa98eb3f000 rw-p 0017c000 08:03 42206920                   /usr/lib/x86_64-linux-gnu/libstdc++.so.6.0.21
7fa98eb3f000-7fa98eb43000 rw-p 00000000 00:00 0 
7fa98eb43000-7fa98f7a4000 r-xp 00000000 08:03 42208315                   /usr/lib/jvm/java-8-openjdk-amd64/jre/lib/amd64/server/libjvm.so
7fa98f7a4000-7fa98f9a4000 ---p 00c61000 08:03 42208315                   /usr/lib/jvm/java-8-openjdk-amd64/jre/lib/amd64/server/libjvm.so
7fa98f9a4000-7fa98fa38000 r--p 00c61000 08:03 42208315                   /usr/lib/jvm/java-8-openjdk-amd64/jre/lib/amd64/server/libjvm.so
7fa98fa38000-7fa98fa61000 rw-p 00cf5000 08:03 42208315                   /usr/lib/jvm/java-8-openjdk-amd64/jre/lib/amd64/server/libjvm.so
7fa98fa61000-7fa98fa91000 rw-p 00000000 00:00 0 
7fa98fa91000-7fa98faa9000 r-xp 00000000 08:03 25428154                   /lib/x86_64-linux-gnu/libpthread-2.23.so
7fa98faa9000-7fa98fca8000 ---p 00018000 08:03 25428154                   /lib/x86_64-linux-gnu/libpthread-2.23.so
7fa98fca8000-7fa98fca9000 r--p 00017000 08:03 25428154                   /lib/x86_64-linux-gnu/libpthread-2.23.so
7fa98fca9000-7fa98fcaa000 rw-p 00018000 08:03 25428154                   /lib/x86_64-linux-gnu/libpthread-2.23.so
7fa98fcaa000-7fa98fcae000 rw-p 00000000 00:00 0 
7fa98fcae000-7fa98fcb1000 r-xp 00000000 08:03 25428157                   /lib/x86_64-linux-gnu/libdl-2.23.so
7fa98fcb1000-7fa98feb0000 ---p 00003000 08:03 25428157                   /lib/x86_64-linux-gnu/libdl-2.23.so
7fa98feb0000-7fa98feb1000 r--p 00002000 08:03 25428157                   /lib/x86_64-linux-gnu/libdl-2.23.so
7fa98feb1000-7fa98feb2000 rw-p 00003000 08:03 25428157                   /lib/x86_64-linux-gnu/libdl-2.23.so
7fa98feb2000-7fa98fecb000 r-xp 00000000 08:03 25433047                   /lib/x86_64-linux-gnu/libz.so.1.2.8
7fa98fecb000-7fa9900ca000 ---p 00019000 08:03 25433047                   /lib/x86_64-linux-gnu/libz.so.1.2.8
7fa9900ca000-7fa9900cb000 r--p 00018000 08:03 25433047                   /lib/x86_64-linux-gnu/libz.so.1.2.8
7fa9900cb000-7fa9900cc000 rw-p 00019000 08:03 25433047                   /lib/x86_64-linux-gnu/libz.so.1.2.8
7fa9900cc000-7fa99028c000 r-xp 00000000 08:03 25428155                   /lib/x86_64-linux-gnu/libc-2.23.so
7fa99028c000-7fa99048c000 ---p 001c0000 08:03 25428155                   /lib/x86_64-linux-gnu/libc-2.23.so
7fa99048c000-7fa990490000 r--p 001c0000 08:03 25428155                   /lib/x86_64-linux-gnu/libc-2.23.so
7fa990490000-7fa990492000 rw-p 001c4000 08:03 25428155                   /lib/x86_64-linux-gnu/libc-2.23.so
7fa990492000-7fa990496000 rw-p 00000000 00:00 0 
7fa990496000-7fa9904a3000 r-xp 00000000 08:03 42208307                   /usr/lib/jvm/java-8-openjdk-amd64/jre/lib/amd64/jli/libjli.so
7fa9904a3000-7fa9906a3000 ---p 0000d000 08:03 42208307                   /usr/lib/jvm/java-8-openjdk-amd64/jre/lib/amd64/jli/libjli.so
7fa9906a3000-7fa9906a4000 r--p 0000d000 08:03 42208307                   /usr/lib/jvm/java-8-openjdk-amd64/jre/lib/amd64/jli/libjli.so
7fa9906a4000-7fa9906a5000 rw-p 0000e000 08:03 42208307                   /usr/lib/jvm/java-8-openjdk-amd64/jre/lib/amd64/jli/libjli.so
7fa9906a5000-7fa9906cb000 r-xp 00000000 08:03 25428153                   /lib/x86_64-linux-gnu/ld-2.23.so
7fa9906cb000-7fa9906cc000 r--s 00000000 08:03 50333312                   /home/jeavio64/.m2/repository/org/springframework/boot/spring-boot-starter/2.1.2.RELEASE/spring-boot-starter-2.1.2.RELEASE.jar
7fa9906cc000-7fa9906cd000 r--s 00000000 08:03 50333310                   /home/jeavio64/.m2/repository/org/springframework/boot/spring-boot-starter-web/2.1.2.RELEASE/spring-boot-starter-web-2.1.2.RELEASE.jar
7fa9906cd000-7fa9906ce000 r--s 00010000 08:03 42208267                   /usr/lib/jvm/java-8-openjdk-amd64/jre/lib/ext/zipfs.jar
7fa9906ce000-7fa9906d0000 r--s 00008000 08:03 42208265                   /usr/lib/jvm/java-8-openjdk-amd64/jre/lib/ext/sunec.jar
7fa9906d0000-7fa9906d6000 r--s 0003b000 08:03 42208274                   /usr/lib/jvm/java-8-openjdk-amd64/jre/lib/ext/sunjce_provider.jar
7fa9906d6000-7fa9906d9000 r--s 0000f000 08:03 42208275                   /usr/lib/jvm/java-8-openjdk-amd64/jre/lib/ext/icedtea-sound.jar
7fa9906d9000-7fa9907aa000 rw-p 00000000 00:00 0 
7fa9907aa000-7fa9907ad000 ---p 00000000 00:00 0 
7fa9907ad000-7fa9908af000 rw-p 00000000 00:00 0 
7fa9908af000-7fa9908b1000 r--s 00001000 08:03 42208269                   /usr/lib/jvm/java-8-openjdk-amd64/jre/lib/ext/dnsns.jar
7fa9908b1000-7fa9908bb000 r--s 00116000 08:03 42208276                   /usr/lib/jvm/java-8-openjdk-amd64/jre/lib/ext/localedata.jar
7fa9908bb000-7fa9908be000 r--s 00038000 08:03 42208263                   /usr/lib/jvm/java-8-openjdk-amd64/jre/lib/ext/sunpkcs11.jar
7fa9908be000-7fa9908bf000 r--s 0000a000 08:03 42208271                   /usr/lib/jvm/java-8-openjdk-amd64/jre/lib/ext/jaccess.jar
7fa9908bf000-7fa9908c7000 rw-s 00000000 08:03 25690585                   /tmp/hsperfdata_jeavio64/14245
7fa9908c7000-7fa9908c8000 rw-p 00000000 00:00 0 
7fa9908c8000-7fa9908c9000 ---p 00000000 00:00 0 
7fa9908c9000-7fa9908ca000 rw-p 00000000 00:00 0 
7fa9908ca000-7fa9908cb000 r--p 00025000 08:03 25428153                   /lib/x86_64-linux-gnu/ld-2.23.so
7fa9908cb000-7fa9908cc000 rw-p 00026000 08:03 25428153                   /lib/x86_64-linux-gnu/ld-2.23.so
7fa9908cc000-7fa9908cd000 rw-p 00000000 00:00 0 
7fff73955000-7fff73978000 rw-p 00000000 00:00 0                          [stack]
7fff739fa000-7fff739fd000 r--p 00000000 00:00 0                          [vvar]
7fff739fd000-7fff739ff000 r-xp 00000000 00:00 0                          [vdso]
ffffffffff600000-ffffffffff601000 r-xp 00000000 00:00 0                  [vsyscall]

VM Arguments:
jvm_args: -agentlib:jdwp=transport=dt_socket,suspend=y,address=localhost:40851 -Dcom.sun.management.jmxremote -Dcom.sun.management.jmxremote.port=33034 -Dcom.sun.management.jmxremote.authenticate=false -Dcom.sun.management.jmxremote.ssl=false -Djava.rmi.server.hostname=localhost -Dspring.liveBeansView.mbeanDomain -Dspring.application.admin.enabled=true -Djava.security.egd=file:/dev/./urandom -Xverify:none -XX:TieredStopAtLevel=1 -Dfile.encoding=UTF-8 
java_command: org.jeavio.apigateway.ApiGatewayApplication --spring.output.ansi.enabled=always
java_class_path (initial): /home/jeavio64/git/API-Gateway/target/classes:/home/jeavio64/.m2/repository/org/springframework/boot/spring-boot-starter-web/2.1.2.RELEASE/spring-boot-starter-web-2.1.2.RELEASE.jar:/home/jeavio64/.m2/repository/org/springframework/boot/spring-boot-starter/2.1.2.RELEASE/spring-boot-starter-2.1.2.RELEASE.jar:/home/jeavio64/.m2/repository/org/springframework/boot/spring-boot/2.1.2.RELEASE/spring-boot-2.1.2.RELEASE.jar:/home/jeavio64/.m2/repository/org/springframework/boot/spring-boot-autoconfigure/2.1.2.RELEASE/spring-boot-autoconfigure-2.1.2.RELEASE.jar:/home/jeavio64/.m2/repository/org/springframework/boot/spring-boot-starter-logging/2.1.2.RELEASE/spring-boot-starter-logging-2.1.2.RELEASE.jar:/home/jeavio64/.m2/repository/ch/qos/logback/logback-classic/1.2.3/logback-classic-1.2.3.jar:/home/jeavio64/.m2/repository/ch/qos/logback/logback-core/1.2.3/logback-core-1.2.3.jar:/home/jeavio64/.m2/repository/org/apache/logging/log4j/log4j-to-slf4j/2.11.1/log4j-to-slf4j-2.11.1.jar:/home/jeavio64/.m2/repository/org/apache/logging/log4j/log4j-api/2.11.1/log4j-api-2.11.1.jar:/home/jeavio64/.m2/repository/org/slf4j/jul-to-slf4j/1.7.25/jul-to-slf4j-1.7.25.jar:/home/jeavio64/.m2/repository/javax/annotation/javax.annotation-api/1.3.2/javax.annotation-api-1.3.2.jar:/home/jeavio64/.m2/repository/org/yaml/snakeyaml/1.23/snakeyaml-1.23.jar:/home/jeavio64/.m2/repository/org/springframework/boot/spring-boot-starter-json/2.1.2.RELEASE/spring-boot-starter-json-2.1.2.RELEASE.jar:/home/jeavio64/.m2/repository/com/fasterxml/jackson/datatype/jackson-datatype-jdk8/2.9.8/jackson-datatype-jdk8-2.9.8.jar:/home/jeavio64/.m2/repository/com/fasterxml/jackson/datatype/jackson-datatype-jsr310/2.9.8/jackson-datatype-jsr310-2.9.8.jar:/home/jeavio64/.m2/repository/com/fasterxml/jackson/module/jackson-module-parameter-names/2.9.8/jackson-module-parameter-names-2.9.8.jar:/home/jeavio64/.m2/repository/org/springframework/boot/spring-boot-starter-tomcat/2.1.2.RELEASE/spring-boot-star
Launcher Type: SUN_STANDARD

Environment Variables:
PATH=/usr/local/sbin:/usr/local/bin:/usr/sbin:/usr/bin:/sbin:/bin:/usr/games:/usr/local/games:/snap/bin
SHELL=/bin/bash
DISPLAY=:0

Signal Handlers:
SIGSEGV: [libjvm.so+0xa74ca0], sa_mask[0]=11111111011111111101111111111110, sa_flags=SA_RESTART|SA_SIGINFO
SIGBUS: [libjvm.so+0xa74ca0], sa_mask[0]=11111111011111111101111111111110, sa_flags=SA_RESTART|SA_SIGINFO
SIGFPE: [libjvm.so+0x8bbcf0], sa_mask[0]=11111111011111111101111111111110, sa_flags=SA_RESTART|SA_SIGINFO
SIGPIPE: [libjvm.so+0x8bbcf0], sa_mask[0]=11111111011111111101111111111110, sa_flags=SA_RESTART|SA_SIGINFO
SIGXFSZ: [libjvm.so+0x8bbcf0], sa_mask[0]=11111111011111111101111111111110, sa_flags=SA_RESTART|SA_SIGINFO
SIGILL: [libjvm.so+0x8bbcf0], sa_mask[0]=11111111011111111101111111111110, sa_flags=SA_RESTART|SA_SIGINFO
SIGUSR1: SIG_DFL, sa_mask[0]=00000000000000000000000000000000, sa_flags=none
SIGUSR2: [libjvm.so+0x8bbba0], sa_mask[0]=00100000000000000000000000000000, sa_flags=SA_RESTART|SA_SIGINFO
SIGHUP: [libjvm.so+0x8bc230], sa_mask[0]=11111111011111111101111111111110, sa_flags=SA_RESTART|SA_SIGINFO
SIGINT: [libjvm.so+0x8bc230], sa_mask[0]=11111111011111111101111111111110, sa_flags=SA_RESTART|SA_SIGINFO
SIGTERM: [libjvm.so+0x8bc230], sa_mask[0]=11111111011111111101111111111110, sa_flags=SA_RESTART|SA_SIGINFO
SIGQUIT: [libjvm.so+0x8bc230], sa_mask[0]=11111111011111111101111111111110, sa_flags=SA_RESTART|SA_SIGINFO


---------------  S Y S T E M  ---------------

OS:DISTRIB_ID=Ubuntu
DISTRIB_RELEASE=16.04
DISTRIB_CODENAME=xenial
DISTRIB_DESCRIPTION="Ubuntu 16.04.5 LTS"

uname:Linux 4.4.0-142-generic #168-Ubuntu SMP Wed Jan 16 21:00:45 UTC 2019 x86_64
libc:glibc 2.23 NPTL 2.23 
rlimit: STACK 8192k, CORE 0k, NPROC 62293, NOFILE 1048576, AS infinity
load average:0.76 0.73 0.67

/proc/meminfo:
MemTotal:       16289800 kB
MemFree:         7950520 kB
MemAvailable:   10314028 kB
Buffers:          320520 kB
Cached:          3252624 kB
SwapCached:            0 kB
Active:          5814304 kB
Inactive:        2024884 kB
Active(anon):    4269784 kB
Inactive(anon):  1070612 kB
Active(file):    1544520 kB
Inactive(file):   954272 kB
Unevictable:         256 kB
Mlocked:             256 kB
SwapTotal:      33269756 kB
SwapFree:       33269756 kB
Dirty:                40 kB
Writeback:            12 kB
AnonPages:       4266620 kB
Mapped:           971284 kB
Shmem:           1074356 kB
Slab:             270800 kB
SReclaimable:     201924 kB
SUnreclaim:        68876 kB
KernelStack:       18432 kB
PageTables:        79928 kB
NFS_Unstable:          0 kB
Bounce:                0 kB
WritebackTmp:          0 kB
CommitLimit:    41414656 kB
Committed_AS:   15570540 kB
VmallocTotal:   34359738367 kB
VmallocUsed:           0 kB
VmallocChunk:          0 kB
HardwareCorrupted:     0 kB
AnonHugePages:         0 kB
CmaTotal:              0 kB
CmaFree:               0 kB
HugePages_Total:       0
HugePages_Free:        0
HugePages_Rsvd:        0
HugePages_Surp:        0
Hugepagesize:       2048 kB
DirectMap4k:      302436 kB
DirectMap2M:    11089920 kB
DirectMap1G:     5242880 kB

container (cgroup) information:
container_type: cgroupv1
cpu_cpuset_cpus: 0-7
cpu_memory_nodes: 0
active_processor_count: 8
cpu_quota: -1
cpu_period: 100000
cpu_shares: -1
memory_limit_in_bytes: -1
memory_and_swap_limit_in_bytes: -2
memory_soft_limit_in_bytes: -1
memory_usage_in_bytes: 6671732736
memory_max_usage_in_bytes: 7275642880


CPU:total 8 (initial active 8) (4 cores per cpu, 2 threads per core) family 6 model 142 stepping 10, cmov, cx8, fxsr, mmx, sse, sse2, sse3, ssse3, sse4.1, sse4.2, popcnt, avx, avx2, aes, clmul, erms, rtm, 3dnowpref, lzcnt, ht, tsc, tscinvbit, bmi1, bmi2, adx

/proc/cpuinfo:
processor	: 0
vendor_id	: GenuineIntel
cpu family	: 6
model		: 142
model name	: Intel(R) Core(TM) i5-8350U CPU @ 1.70GHz
stepping	: 10
microcode	: 0x96
cpu MHz		: 2680.113
cache size	: 6144 KB
physical id	: 0
siblings	: 8
core id		: 0
cpu cores	: 4
apicid		: 0
initial apicid	: 0
fpu		: yes
fpu_exception	: yes
cpuid level	: 22
wp		: yes
flags		: fpu vme de pse tsc msr pae mce cx8 apic sep mtrr pge mca cmov pat pse36 clflush dts acpi mmx fxsr sse sse2 ss ht tm pbe syscall nx pdpe1gb rdtscp lm constant_tsc art arch_perfmon pebs bts rep_good nopl xtopology nonstop_tsc aperfmperf pni pclmulqdq dtes64 monitor ds_cpl vmx smx est tm2 ssse3 sdbg fma cx16 xtpr pdcm pcid sse4_1 sse4_2 x2apic movbe popcnt tsc_deadline_timer aes xsave avx f16c rdrand lahf_lm abm 3dnowprefetch epb invpcid_single intel_pt ssbd ibrs ibpb stibp kaiser tpr_shadow vnmi flexpriority ept vpid fsgsbase tsc_adjust bmi1 hle avx2 smep bmi2 erms invpcid rtm mpx rdseed adx smap clflushopt xsaveopt xsavec xgetbv1 dtherm ida arat pln pts hwp hwp_notify hwp_act_window hwp_epp flush_l1d
bugs		: cpu_meltdown spectre_v1 spectre_v2 spec_store_bypass l1tf
bogomips	: 3791.89
clflush size	: 64
cache_alignment	: 64
address sizes	: 39 bits physical, 48 bits virtual
power management:

processor	: 1
vendor_id	: GenuineIntel
cpu family	: 6
model		: 142
model name	: Intel(R) Core(TM) i5-8350U CPU @ 1.70GHz
stepping	: 10
microcode	: 0x96
cpu MHz		: 2640.183
cache size	: 6144 KB
physical id	: 0
siblings	: 8
core id		: 1
cpu cores	: 4
apicid		: 2
initial apicid	: 2
fpu		: yes
fpu_exception	: yes
cpuid level	: 22
wp		: yes
flags		: fpu vme de pse tsc msr pae mce cx8 apic sep mtrr pge mca cmov pat pse36 clflush dts acpi mmx fxsr sse sse2 ss ht tm pbe syscall nx pdpe1gb rdtscp lm constant_tsc art arch_perfmon pebs bts rep_good nopl xtopology nonstop_tsc aperfmperf pni pclmulqdq dtes64 monitor ds_cpl vmx smx est tm2 ssse3 sdbg fma cx16 xtpr pdcm pcid sse4_1 sse4_2 x2apic movbe popcnt tsc_deadline_timer aes xsave avx f16c rdrand lahf_lm abm 3dnowprefetch epb invpcid_single intel_pt ssbd ibrs ibpb stibp kaiser tpr_shadow vnmi flexpriority ept vpid fsgsbase tsc_adjust bmi1 hle avx2 smep bmi2 erms invpcid rtm mpx rdseed adx smap clflushopt xsaveopt xsavec xgetbv1 dtherm ida arat pln pts hwp hwp_notify hwp_act_window hwp_epp flush_l1d
bugs		: cpu_meltdown spectre_v1 spectre_v2 spec_store_bypass l1tf
bogomips	: 3791.89
clflush size	: 64
cache_alignment	: 64
address sizes	: 39 bits physical, 48 bits virtual
power management:

processor	: 2
vendor_id	: GenuineIntel
cpu family	: 6
model		: 142
model name	: Intel(R) Core(TM) i5-8350U CPU @ 1.70GHz
stepping	: 10
microcode	: 0x96
cpu MHz		: 2664.378
cache size	: 6144 KB
physical id	: 0
siblings	: 8
core id		: 2
cpu cores	: 4
apicid		: 4
initial apicid	: 4
fpu		: yes
fpu_exception	: yes
cpuid level	: 22
wp		: yes
flags		: fpu vme de pse tsc msr pae mce cx8 apic sep mtrr pge mca cmov pat pse36 clflush dts acpi mmx fxsr sse sse2 ss ht tm pbe syscall nx pdpe1gb rdtscp lm constant_tsc art arch_perfmon pebs bts rep_good nopl xtopology nonstop_tsc aperfmperf pni pclmulqdq dtes64 monitor ds_cpl vmx smx est tm2 ssse3 sdbg fma cx16 xtpr pdcm pcid sse4_1 sse4_2 x2apic movbe popcnt tsc_deadline_timer aes xsave avx f16c rdrand lahf_lm abm 3dnowprefetch epb invpcid_single intel_pt ssbd ibrs ibpb stibp kaiser tpr_shadow vnmi flexpriority ept vpid fsgsbase tsc_adjust bmi1 hle avx2 smep bmi2 erms invpcid rtm mpx rdseed adx smap clflushopt xsaveopt xsavec xgetbv1 dtherm ida arat pln pts hwp hwp_notify hwp_act_window hwp_epp flush_l1d
bugs		: cpu_meltdown spectre_v1 spectre_v2 spec_store_bypass l1tf
bogomips	: 3791.89
clflush size	: 64
cache_alignment	: 64
address sizes	: 39 bits physical, 48 bits virtual
power management:

processor	: 3
vendor_id	: GenuineIntel
cpu family	: 6
model		: 142
model name	: Intel(R) Core(TM) i5-8350U CPU @ 1.70GHz
stepping	: 10
microcode	: 0x96
cpu MHz		: 2641.519
cache size	: 6144 KB
physical id	: 0
siblings	: 8
core id		: 3
cpu cores	: 4
apicid		: 6
initial apicid	: 6
fpu		: yes
fpu_exception	: yes
cpuid level	: 22
wp		: yes
flags		: fpu vme de pse tsc msr pae mce cx8 apic sep mtrr pge mca cmov pat pse36 clflush dts acpi mmx fxsr sse sse2 ss ht tm pbe syscall nx pdpe1gb rdtscp lm constant_tsc art arch_perfmon pebs bts rep_good nopl xtopology nonstop_tsc aperfmperf pni pclmulqdq dtes64 monitor ds_cpl vmx smx est tm2 ssse3 sdbg fma cx16 xtpr pdcm pcid sse4_1 sse4_2 x2apic movbe popcnt tsc_deadline_timer aes xsave avx f16c rdrand lahf_lm abm 3dnowprefetch epb invpcid_single intel_pt ssbd ibrs ibpb stibp kaiser tpr_shadow vnmi flexpriority ept vpid fsgsbase tsc_adjust bmi1 hle avx2 smep bmi2 erms invpcid rtm mpx rdseed adx smap clflushopt xsaveopt xsavec xgetbv1 dtherm ida arat pln pts hwp hwp_notify hwp_act_window hwp_epp flush_l1d
bugs		: cpu_meltdown spectre_v1 spectre_v2 spec_store_bypass l1tf
bogomips	: 3791.89
clflush size	: 64
cache_alignment	: 64
address sizes	: 39 bits physical, 48 bits virtual
power management:

processor	: 4
vendor_id	: GenuineIntel
cpu family	: 6
model		: 142
model name	: Intel(R) Core(TM) i5-8350U CPU @ 1.70GHz
stepping	: 10
microcode	: 0x96
cpu MHz		: 2700.152
cache size	: 6144 KB
physical id	: 0
siblings	: 8
core id		: 0
cpu cores	: 4
apicid		: 1
initial apicid	: 1
fpu		: yes
fpu_exception	: yes
cpuid level	: 22
wp		: yes
flags		: fpu vme de pse tsc msr pae mce cx8 apic sep mtrr pge mca cmov pat pse36 clflush dts acpi mmx fxsr sse sse2 ss ht tm pbe syscall nx pdpe1gb rdtscp lm constant_tsc art arch_perfmon pebs bts rep_good nopl xtopology nonstop_tsc aperfmperf pni pclmulqdq dtes64 monitor ds_cpl vmx smx est tm2 ssse3 sdbg fma cx16 xtpr pdcm pcid sse4_1 sse4_2 x2apic movbe popcnt tsc_deadline_timer aes xsave avx f16c rdrand lahf_lm abm 3dnowprefetch epb invpcid_single intel_pt ssbd ibrs ibpb stibp kaiser tpr_shadow vnmi flexpriority ept vpid fsgsbase tsc_adjust bmi1 hle avx2 smep bmi2 erms invpcid rtm mpx rdseed adx smap clflushopt xsaveopt xsavec xgetbv1 dtherm ida arat pln pts hwp hwp_notify hwp_act_window hwp_epp flush_l1d
bugs		: cpu_meltdown spectre_v1 spectre_v2 spec_store_bypass l1tf
bogomips	: 3791.89
clflush size	: 64
cache_alignment	: 64
address sizes	: 39 bits physical, 48 bits virtual
power management:

processor	: 5
vendor_id	: GenuineIntel
cpu family	: 6
model		: 142
model name	: Intel(R) Core(TM) i5-8350U CPU @ 1.70GHz
stepping	: 10
microcode	: 0x96
cpu MHz		: 2754.851
cache size	: 6144 KB
physical id	: 0
siblings	: 8
core id		: 1
cpu cores	: 4
apicid		: 3
initial apicid	: 3
fpu		: yes
fpu_exception	: yes
cpuid level	: 22
wp		: yes
flags		: fpu vme de pse tsc msr pae mce cx8 apic sep mtrr pge mca cmov pat pse36 clflush dts acpi mmx fxsr sse sse2 ss ht tm pbe syscall nx pdpe1gb rdtscp lm constant_tsc art arch_perfmon pebs bts rep_good nopl xtopology nonstop_tsc aperfmperf pni pclmulqdq dtes64 monitor ds_cpl vmx smx est tm2 ssse3 sdbg fma cx16 xtpr pdcm pcid sse4_1 sse4_2 x2apic movbe popcnt tsc_deadline_timer aes xsave avx f16c rdrand lahf_lm abm 3dnowprefetch epb invpcid_single intel_pt ssbd ibrs ibpb stibp kaiser tpr_shadow vnmi flexpriority ept vpid fsgsbase tsc_adjust bmi1 hle avx2 smep bmi2 erms invpcid rtm mpx rdseed adx smap clflushopt xsaveopt xsavec xgetbv1 dtherm ida arat pln pts hwp hwp_notify hwp_act_window hwp_epp flush_l1d
bugs		: cpu_meltdown spectre_v1 spectre_v2 spec_store_bypass l1tf
bogomips	: 3791.89
clflush size	: 64
cache_alignment	: 64
address sizes	: 39 bits physical, 48 bits virtual
power management:

processor	: 6
vendor_id	: GenuineIntel
cpu family	: 6
model		: 142
model name	: Intel(R) Core(TM) i5-8350U CPU @ 1.70GHz
stepping	: 10
microcode	: 0x96
cpu MHz		: 2641.667
cache size	: 6144 KB
physical id	: 0
siblings	: 8
core id		: 2
cpu cores	: 4
apicid		: 5
initial apicid	: 5
fpu		: yes
fpu_exception	: yes
cpuid level	: 22
wp		: yes
flags		: fpu vme de pse tsc msr pae mce cx8 apic sep mtrr pge mca cmov pat pse36 clflush dts acpi mmx fxsr sse sse2 ss ht tm pbe syscall nx pdpe1gb rdtscp lm constant_tsc art arch_perfmon pebs bts rep_good nopl xtopology nonstop_tsc aperfmperf pni pclmulqdq dtes64 monitor ds_cpl vmx smx est tm2 ssse3 sdbg fma cx16 xtpr pdcm pcid sse4_1 sse4_2 x2apic movbe popcnt tsc_deadline_timer aes xsave avx f16c rdrand lahf_lm abm 3dnowprefetch epb invpcid_single intel_pt ssbd ibrs ibpb stibp kaiser tpr_shadow vnmi flexpriority ept vpid fsgsbase tsc_adjust bmi1 hle avx2 smep bmi2 erms invpcid rtm mpx rdseed adx smap clflushopt xsaveopt xsavec xgetbv1 dtherm ida arat pln pts hwp hwp_notify hwp_act_window hwp_epp flush_l1d
bugs		: cpu_meltdown spectre_v1 spectre_v2 spec_store_bypass l1tf
bogomips	: 3791.89
clflush size	: 64
cache_alignment	: 64
address sizes	: 39 bits physical, 48 bits virtual
power management:

processor	: 7
vendor_id	: GenuineIntel
cpu family	: 6
model		: 142
model name	: Intel(R) Core(TM) i5-8350U CPU @ 1.70GHz
stepping	: 10
microcode	: 0x96
cpu MHz		: 2627.789
cache size	: 6144 KB
physical id	: 0
siblings	: 8
core id		: 3
cpu cores	: 4
apicid		: 7
initial apicid	: 7
fpu		: yes
fpu_exception	: yes
cpuid level	: 22
wp		: yes
flags		: fpu vme de pse tsc msr pae mce cx8 apic sep mtrr pge mca cmov pat pse36 clflush dts acpi mmx fxsr sse sse2 ss ht tm pbe syscall nx pdpe1gb rdtscp lm constant_tsc art arch_perfmon pebs bts rep_good nopl xtopology nonstop_tsc aperfmperf pni pclmulqdq dtes64 monitor ds_cpl vmx smx est tm2 ssse3 sdbg fma cx16 xtpr pdcm pcid sse4_1 sse4_2 x2apic movbe popcnt tsc_deadline_timer aes xsave avx f16c rdrand lahf_lm abm 3dnowprefetch epb invpcid_single intel_pt ssbd ibrs ibpb stibp kaiser tpr_shadow vnmi flexpriority ept vpid fsgsbase tsc_adjust bmi1 hle avx2 smep bmi2 erms invpcid rtm mpx rdseed adx smap clflushopt xsaveopt xsavec xgetbv1 dtherm ida arat pln pts hwp hwp_notify hwp_act_window hwp_epp flush_l1d
bugs		: cpu_meltdown spectre_v1 spectre_v2 spec_store_bypass l1tf
bogomips	: 3791.89
clflush size	: 64
cache_alignment	: 64
address sizes	: 39 bits physical, 48 bits virtual
power management:



Memory: 4k page, physical 16289800k(7950520k free), swap 33269756k(33269756k free)

vm_info: OpenJDK 64-Bit Server VM (25.191-b12) for linux-amd64 JRE (1.8.0_191-8u191-b12-2ubuntu0.16.04.1-b12), built on Jan 14 2019 21:59:52 by "buildd" with gcc 5.4.0 20160609

time: Fri Feb 22 17:03:16 2019
elapsed time: 142 seconds (0d 0h 2m 22s)

